<?xml version="1.0" encoding="UTF-8"?>
<robot generator="Robot 5.0.1 (Python 3.9.2 on win32)" generated="20220601 15:43:53.880" rpa="false" schemaversion="3">
<suite id="s1" name="Settings" source="C:\Users\barte\Desktop\repo\robotframework-tidy\tests\atest\transformers\IndentRunKeywords\source\settings.robot">
<kw name="Run Keywords" library="BuiltIn" type="SETUP">
<arg>No Operation</arg>
<arg>No Operation</arg>
<doc>Executes all the given keywords in a sequence.</doc>
<kw name="No Operation" library="BuiltIn">
<doc>Does absolutely nothing.</doc>
<status status="PASS" starttime="20220601 15:43:53.912" endtime="20220601 15:43:53.912"/>
</kw>
<kw name="No Operation" library="BuiltIn">
<doc>Does absolutely nothing.</doc>
<status status="PASS" starttime="20220601 15:43:53.912" endtime="20220601 15:43:53.912"/>
</kw>
<status status="PASS" starttime="20220601 15:43:53.912" endtime="20220601 15:43:53.912"/>
</kw>
<test id="s1-t1" name="Test" line="11">
<kw name="Run Keyword If" library="BuiltIn" type="SETUP">
<arg>${True}</arg>
<arg>No Operation</arg>
<doc>Runs the given keyword with the given arguments, if ``condition`` is true.</doc>
<kw name="No Operation" library="BuiltIn">
<doc>Does absolutely nothing.</doc>
<status status="PASS" starttime="20220601 15:43:53.912" endtime="20220601 15:43:53.912"/>
</kw>
<status status="PASS" starttime="20220601 15:43:53.912" endtime="20220601 15:43:53.912"/>
</kw>
<kw name="No Operation" library="BuiltIn">
<doc>Does absolutely nothing.</doc>
<status status="PASS" starttime="20220601 15:43:53.912" endtime="20220601 15:43:53.912"/>
</kw>
<kw name="Run Keywords" library="BuiltIn" type="TEARDOWN">
<arg>Log</arg>
<arg>1</arg>
<arg>AND</arg>
<arg>Log</arg>
<arg>2</arg>
<doc>Executes all the given keywords in a sequence.</doc>
<kw name="Log" library="BuiltIn">
<arg>1</arg>
<doc>Logs the given message with the given level.</doc>
<msg timestamp="20220601 15:43:53.912" level="INFO">1</msg>
<status status="PASS" starttime="20220601 15:43:53.912" endtime="20220601 15:43:53.912"/>
</kw>
<kw name="Log" library="BuiltIn">
<arg>2</arg>
<doc>Logs the given message with the given level.</doc>
<msg timestamp="20220601 15:43:53.912" level="INFO">2</msg>
<status status="PASS" starttime="20220601 15:43:53.912" endtime="20220601 15:43:53.912"/>
</kw>
<status status="PASS" starttime="20220601 15:43:53.912" endtime="20220601 15:43:53.912"/>
</kw>
<status status="PASS" starttime="20220601 15:43:53.912" endtime="20220601 15:43:53.912"/>
</test>
<test id="s1-t2" name="Test in line" line="17">
<kw name="Run Keyword" library="BuiltIn" type="SETUP">
<arg>Log</arg>
<arg>1</arg>
<doc>Executes the given keyword with the given arguments.</doc>
<kw name="Log" library="BuiltIn">
<arg>1</arg>
<doc>Logs the given message with the given level.</doc>
<msg timestamp="20220601 15:43:53.912" level="INFO">1</msg>
<status status="PASS" starttime="20220601 15:43:53.912" endtime="20220601 15:43:53.912"/>
</kw>
<status status="PASS" starttime="20220601 15:43:53.912" endtime="20220601 15:43:53.912"/>
</kw>
<kw name="No Operation" library="BuiltIn">
<doc>Does absolutely nothing.</doc>
<status status="PASS" starttime="20220601 15:43:53.912" endtime="20220601 15:43:53.912"/>
</kw>
<kw name="Run Keywords" library="BuiltIn" type="TEARDOWN">
<arg>No Operation</arg>
<arg>No Operation</arg>
<doc>Executes all the given keywords in a sequence.</doc>
<kw name="No Operation" library="BuiltIn">
<doc>Does absolutely nothing.</doc>
<status status="PASS" starttime="20220601 15:43:53.912" endtime="20220601 15:43:53.912"/>
</kw>
<kw name="No Operation" library="BuiltIn">
<doc>Does absolutely nothing.</doc>
<status status="PASS" starttime="20220601 15:43:53.912" endtime="20220601 15:43:53.912"/>
</kw>
<status status="PASS" starttime="20220601 15:43:53.912" endtime="20220601 15:43:53.912"/>
</kw>
<status status="PASS" starttime="20220601 15:43:53.912" endtime="20220601 15:43:53.912"/>
</test>
<kw name="Run Keywords" library="BuiltIn" type="TEARDOWN">
<arg>Log</arg>
<arg>1</arg>
<arg>AND</arg>
<arg>Log</arg>
<arg>2</arg>
<doc>Executes all the given keywords in a sequence.</doc>
<kw name="Log" library="BuiltIn">
<arg>1</arg>
<doc>Logs the given message with the given level.</doc>
<msg timestamp="20220601 15:43:53.912" level="INFO">1</msg>
<status status="PASS" starttime="20220601 15:43:53.912" endtime="20220601 15:43:53.912"/>
</kw>
<kw name="Log" library="BuiltIn">
<arg>2</arg>
<doc>Logs the given message with the given level.</doc>
<msg timestamp="20220601 15:43:53.912" level="INFO">2</msg>
<status status="PASS" starttime="20220601 15:43:53.912" endtime="20220601 15:43:53.912"/>
</kw>
<status status="PASS" starttime="20220601 15:43:53.912" endtime="20220601 15:43:53.912"/>
</kw>
<status status="PASS" starttime="20220601 15:43:53.880" endtime="20220601 15:43:53.912"/>
</suite>
<statistics>
<total>
<stat pass="2" fail="0" skip="0">All Tests</stat>
</total>
<tag>
</tag>
<suite>
<stat pass="2" fail="0" skip="0" id="s1" name="Settings">Settings</stat>
</suite>
</statistics>
<errors>
</errors>
</robot>
